SF:/home/luan/projects/gamedev/flame/plugins/ordered_set/lib/ordered_set.dart
DA:13,0
DA:17,1
DA:19,1
DA:28,2
DA:29,1
DA:30,6
DA:31,2
DA:32,1
DA:35,0
DA:37,2
DA:40,4
DA:42,2
DA:49,1
DA:50,1
DA:52,2
DA:54,8
DA:60,1
DA:61,5
DA:67,2
DA:68,4
DA:69,6
DA:71,4
DA:77,1
DA:78,4
DA:88,1
DA:89,3
DA:93,1
DA:95,2
DA:96,3
DA:102,1
DA:103,2
DA:104,1
LF:32
LH:30
end_of_record
SF:/home/luan/projects/gamedev/flame/plugins/ordered_set/lib/comparing.dart
DA:3,0
DA:6,1
DA:7,2
DA:11,1
DA:12,2
DA:16,1
DA:17,1
DA:18,2
DA:19,1
DA:20,2
DA:23,2
LF:11
LH:10
end_of_record
