SF:/home/luan/projects/gamedev/flame/plugins/ordered_set/lib/ordered_set.dart
DA:13,0
DA:17,0
DA:19,0
DA:28,1
DA:29,0
DA:30,3
DA:31,1
DA:32,0
DA:35,0
DA:37,1
DA:40,2
DA:42,1
DA:49,0
DA:50,0
DA:52,1
DA:54,4
DA:60,0
DA:61,0
DA:67,1
DA:68,2
DA:69,3
DA:71,0
DA:77,0
DA:78,0
DA:88,0
DA:89,0
DA:93,0
DA:95,0
DA:96,0
DA:102,0
DA:103,0
DA:104,0
LF:32
LH:11
end_of_record
SF:/home/luan/projects/gamedev/flame/plugins/ordered_set/lib/comparing.dart
DA:3,0
DA:6,1
DA:7,2
DA:11,1
DA:12,2
DA:16,1
DA:17,1
DA:18,2
DA:19,1
DA:20,2
DA:23,2
LF:11
LH:10
end_of_record
